#
# There is insufficient memory for the Java Runtime Environment to continue.
# Native memory allocation (malloc) failed to allocate 32744 bytes. Error detail: Chunk::new
# Possible reasons:
#   The system is out of physical RAM or swap space
#   This process is running with CompressedOops enabled, and the Java Heap may be blocking the growth of the native heap
# Possible solutions:
#   Reduce memory load on the system
#   Increase physical memory or swap space
#   Check if swap backing store is full
#   Decrease Java heap size (-Xmx/-Xms)
#   Decrease number of Java threads
#   Decrease Java thread stack sizes (-Xss)
#   Set larger code cache with -XX:ReservedCodeCacheSize=
#   JVM is running with Unscaled Compressed Oops mode in which the Java heap is
#     placed in the first 4GB address space. The Java Heap base address is the
#     maximum limit for the native heap growth. Please use -XX:HeapBaseMinAddress
#     to set the Java Heap base and to place the Java Heap above 4GB virtual address.
# This output file may be truncated or incomplete.
#
#  Out of Memory Error (arena.cpp:168), pid=44184, tid=51904
#
# JRE version: OpenJDK Runtime Environment Temurin-21.0.8+9 (21.0.8+9) (build 21.0.8+9-LTS)
# Java VM: OpenJDK 64-Bit Server VM Temurin-21.0.8+9 (21.0.8+9-LTS, mixed mode, sharing, tiered, compressed oops, compressed class ptrs, parallel gc, windows-amd64)
# No core dump will be written. Minidumps are not enabled by default on client versions of Windows
#

---------------  S U M M A R Y ------------

Command Line: --add-modules=ALL-SYSTEM --add-opens=java.base/java.util=ALL-UNNAMED --add-opens=java.base/java.lang=ALL-UNNAMED --add-opens=java.base/sun.nio.fs=ALL-UNNAMED -Declipse.application=org.eclipse.jdt.ls.core.id1 -Dosgi.bundles.defaultStartLevel=4 -Declipse.product=org.eclipse.jdt.ls.core.product -Djava.import.generatesMetadataFilesAtProjectRoot=false -DDetectVMInstallationsJob.disabled=true -Dfile.encoding=utf8 -XX:+UseParallelGC -XX:GCTimeRatio=4 -XX:AdaptiveSizePolicyWeight=90 -Dsun.zip.disableMemoryMapping=true -Xmx2G -Xms100m -Xlog:disable -javaagent:c:\Users\Windows\.vscode\extensions\redhat.java-1.47.0-win32-x64\lombok\lombok-1.18.39-4050.jar c:\Users\Windows\.vscode\extensions\redhat.java-1.47.0-win32-x64\server\plugins\org.eclipse.equinox.launcher_1.7.100.v20251014-1222.jar -configuration c:\Users\Windows\AppData\Roaming\Code\User\globalStorage\redhat.java\1.47.0\config_ss_win -data c:\Users\Windows\AppData\Roaming\Code\User\workspaceStorage\9626f7cfbd687ef5fa96ebf8f3cfc622\redhat.java\ss_ws --pipe=\\.\pipe\lsp-282bfc423261e1a7ec19524e115bc7c8-sock

Host: Intel(R) Core(TM) i3-1005G1 CPU @ 1.20GHz, 4 cores, 3G,  Windows 11 , 64 bit Build 26100 (10.0.26100.6725)
Time: Wed Nov 12 01:31:54 2025 Hora estándar de Argentina elapsed time: 73.914451 seconds (0d 0h 1m 13s)

---------------  T H R E A D  ---------------

Current thread (0x0000026b74be4980):  JavaThread "C1 CompilerThread0" daemon [_thread_in_native, id=51904, stack(0x000000c5ae200000,0x000000c5ae300000) (1024K)]


Current CompileTask:
C1:73914 3721   !   3       org.eclipse.core.internal.jobs.JobListeners::waitAndSendEvents (445 bytes)

Stack: [0x000000c5ae200000,0x000000c5ae300000]
Native frames: (J=compiled Java code, j=interpreted, Vv=VM code, C=native code)
V  [jvm.dll+0x6d2449]
V  [jvm.dll+0x8ae341]
V  [jvm.dll+0x8b08be]
V  [jvm.dll+0x8b0fa3]
V  [jvm.dll+0x280c96]
V  [jvm.dll+0xc581d]
V  [jvm.dll+0xc5d53]
V  [jvm.dll+0x13f36e]
V  [jvm.dll+0x13e707]
V  [jvm.dll+0x19966d]
V  [jvm.dll+0x199f16]
V  [jvm.dll+0x154bf3]
V  [jvm.dll+0x154438]
V  [jvm.dll+0x154684]
V  [jvm.dll+0x153ab6]
V  [jvm.dll+0x15588d]
V  [jvm.dll+0x257d4d]
V  [jvm.dll+0x2562ea]
V  [jvm.dll+0x3f2d16]
V  [jvm.dll+0x857e6b]
V  [jvm.dll+0x6d0b0d]
C  [ucrtbase.dll+0x37b0]
C  [KERNEL32.DLL+0x2e8d7]
C  [ntdll.dll+0x8c53c]


---------------  P R O C E S S  ---------------

Threads class SMR info:
_java_thread_list=0x0000026b7fd9ae60, length=28, elements={
0x0000026b74c72690, 0x0000026b74d09e20, 0x0000026b74d0cab0, 0x0000026b74d0e710,
0x0000026b74b613c0, 0x0000026b74b67cd0, 0x0000026b74b68720, 0x0000026b74b6b560,
0x0000026b74be4980, 0x0000026b7d228290, 0x0000026b7d467470, 0x0000026b7db04250,
0x0000026b7dbbb680, 0x0000026b7da05760, 0x0000026b7dc5f160, 0x0000026b7dd24140,
0x0000026b7e0c6080, 0x0000026b7f20cd70, 0x0000026b7f20a610, 0x0000026b7f20c050,
0x0000026b7f209f80, 0x0000026b7f20aca0, 0x0000026b7f20d400, 0x0000026b7f20b9c0,
0x0000026b7f20b330, 0x0000026b7f20c6e0, 0x0000026b7efedc70, 0x0000026b7eff0a60
}

Java Threads: ( => current thread )
  0x0000026b74c72690 JavaThread "main"                              [_thread_blocked, id=52060, stack(0x000000c5ad700000,0x000000c5ad800000) (1024K)]
  0x0000026b74d09e20 JavaThread "Reference Handler"          daemon [_thread_blocked, id=51952, stack(0x000000c5adb00000,0x000000c5adc00000) (1024K)]
  0x0000026b74d0cab0 JavaThread "Finalizer"                  daemon [_thread_blocked, id=44752, stack(0x000000c5adc00000,0x000000c5add00000) (1024K)]
  0x0000026b74d0e710 JavaThread "Signal Dispatcher"          daemon [_thread_blocked, id=50996, stack(0x000000c5add00000,0x000000c5ade00000) (1024K)]
  0x0000026b74b613c0 JavaThread "Attach Listener"            daemon [_thread_blocked, id=52032, stack(0x000000c5ade00000,0x000000c5adf00000) (1024K)]
  0x0000026b74b67cd0 JavaThread "Service Thread"             daemon [_thread_blocked, id=52244, stack(0x000000c5adf00000,0x000000c5ae000000) (1024K)]
  0x0000026b74b68720 JavaThread "Monitor Deflation Thread"   daemon [_thread_blocked, id=51988, stack(0x000000c5ae000000,0x000000c5ae100000) (1024K)]
  0x0000026b74b6b560 JavaThread "C2 CompilerThread0"         daemon [_thread_blocked, id=1600, stack(0x000000c5ae100000,0x000000c5ae200000) (1024K)]
=>0x0000026b74be4980 JavaThread "C1 CompilerThread0"         daemon [_thread_in_native, id=51904, stack(0x000000c5ae200000,0x000000c5ae300000) (1024K)]
  0x0000026b7d228290 JavaThread "Common-Cleaner"             daemon [_thread_blocked, id=50196, stack(0x000000c5ae300000,0x000000c5ae400000) (1024K)]
  0x0000026b7d467470 JavaThread "Notification Thread"        daemon [_thread_blocked, id=46384, stack(0x000000c5ae400000,0x000000c5ae500000) (1024K)]
  0x0000026b7db04250 JavaThread "Active Thread: Equinox Container: 7ff10a72-54a8-46b5-8df7-d30844a36dce"        [_thread_blocked, id=47024, stack(0x000000c5ae800000,0x000000c5ae900000) (1024K)]
  0x0000026b7dbbb680 JavaThread "Framework Event Dispatcher: Equinox Container: 7ff10a72-54a8-46b5-8df7-d30844a36dce" daemon [_thread_blocked, id=6364, stack(0x000000c5ae900000,0x000000c5aea00000) (1024K)]
  0x0000026b7da05760 JavaThread "Start Level: Equinox Container: 7ff10a72-54a8-46b5-8df7-d30844a36dce" daemon [_thread_blocked, id=52348, stack(0x000000c5aea00000,0x000000c5aeb00000) (1024K)]
  0x0000026b7dc5f160 JavaThread "SCR Component Actor"        daemon [_thread_blocked, id=19952, stack(0x000000c5aeb00000,0x000000c5aec00000) (1024K)]
  0x0000026b7dd24140 JavaThread "Worker-JM"                         [_thread_blocked, id=48632, stack(0x000000c5aec00000,0x000000c5aed00000) (1024K)]
  0x0000026b7e0c6080 JavaThread "Worker-1: Shutdown..."             [_thread_in_Java, id=42208, stack(0x000000c5aee00000,0x000000c5aef00000) (1024K)]
  0x0000026b7f20cd70 JavaThread "Worker-2"                          [_thread_blocked, id=43380, stack(0x000000c5af100000,0x000000c5af200000) (1024K)]
  0x0000026b7f20a610 JavaThread "JNA Cleaner"                daemon [_thread_blocked, id=11988, stack(0x000000c5aef00000,0x000000c5af000000) (1024K)]
  0x0000026b7f20c050 JavaThread "Thread-1"                   daemon [_thread_in_native, id=36060, stack(0x000000c5af500000,0x000000c5af600000) (1024K)]
  0x0000026b7f209f80 JavaThread "Thread-2"                   daemon [_thread_in_native, id=47768, stack(0x000000c5af600000,0x000000c5af700000) (1024K)]
  0x0000026b7f20aca0 JavaThread "Thread-3"                   daemon [_thread_in_native, id=52380, stack(0x000000c5af700000,0x000000c5af800000) (1024K)]
  0x0000026b7f20d400 JavaThread "Thread-4"                   daemon [_thread_in_native, id=18828, stack(0x000000c5af800000,0x000000c5af900000) (1024K)]
  0x0000026b7f20b9c0 JavaThread "Thread-5"                   daemon [_thread_in_native, id=52052, stack(0x000000c5af900000,0x000000c5afa00000) (1024K)]
  0x0000026b7f20b330 JavaThread "pool-2-thread-1"                   [_thread_blocked, id=51608, stack(0x000000c5afa00000,0x000000c5afb00000) (1024K)]
  0x0000026b7f20c6e0 JavaThread "WorkspaceEventsHandler"            [_thread_blocked, id=45264, stack(0x000000c5af400000,0x000000c5af500000) (1024K)]
  0x0000026b7efedc70 JavaThread "pool-1-thread-1"                   [_thread_in_native, id=35044, stack(0x000000c5afb00000,0x000000c5afc00000) (1024K)]
  0x0000026b7eff0a60 JavaThread "ForkJoinPool.commonPool-worker-1" daemon [_thread_blocked, id=54024, stack(0x000000c5ad400000,0x000000c5ad500000) (1024K)]
Total: 28

Other Threads:
  0x0000026b74cf0f50 VMThread "VM Thread"                           [id=52352, stack(0x000000c5ada00000,0x000000c5adb00000) (1024K)]
  0x0000026b74cde150 WatcherThread "VM Periodic Task Thread"        [id=23056, stack(0x000000c5ad900000,0x000000c5ada00000) (1024K)]
  0x0000026b74c8f7e0 WorkerThread "GC Thread#0"                     [id=39504, stack(0x000000c5ad800000,0x000000c5ad900000) (1024K)]
  0x0000026b7d773700 WorkerThread "GC Thread#1"                     [id=16504, stack(0x000000c5ae500000,0x000000c5ae600000) (1024K)]
  0x0000026b7d771960 WorkerThread "GC Thread#2"                     [id=51180, stack(0x000000c5ae600000,0x000000c5ae700000) (1024K)]
  0x0000026b7d772110 WorkerThread "GC Thread#3"                     [id=29356, stack(0x000000c5ae700000,0x000000c5ae800000) (1024K)]
Total: 6

Threads with active compile tasks:
C1 CompilerThread0  74037 3721   !   3       org.eclipse.core.internal.jobs.JobListeners::waitAndSendEvents (445 bytes)
Total: 1

VM state: not at safepoint (normal execution)

VM Mutex/Monitor currently owned by a thread: None

Heap address: 0x0000000080000000, size: 2048 MB, Compressed Oops mode: 32-bit

CDS archive(s) mapped at: [0x0000026b0f000000-0x0000026b0fba0000-0x0000026b0fba0000), size 12189696, SharedBaseAddress: 0x0000026b0f000000, ArchiveRelocationMode: 1.
Compressed class space mapped at: 0x0000026b10000000-0x0000026b50000000, reserved size: 1073741824
Narrow klass base: 0x0000026b0f000000, Narrow klass shift: 0, Narrow klass range: 0x100000000

GC Precious Log:
 CardTable entry size: 512
 CPUs: 4 total, 4 available
 Memory: 3838M
 Large Page Support: Disabled
 NUMA Support: Disabled
 Compressed Oops: Enabled (32-bit)
 Alignments: Space 512K, Generation 512K, Heap 2M
 Heap Min Capacity: 100M
 Heap Initial Capacity: 100M
 Heap Max Capacity: 2G
 Pre-touch: Disabled
 Parallel Workers: 4

Heap:
 PSYoungGen      total 27648K, used 20915K [0x00000000d5580000, 0x00000000d7500000, 0x0000000100000000)
  eden space 24064K, 72% used [0x00000000d5580000,0x00000000d6672d28,0x00000000d6d00000)
  from space 3584K, 99% used [0x00000000d7100000,0x00000000d747a268,0x00000000d7480000)
  to   space 4096K, 0% used [0x00000000d6d00000,0x00000000d6d00000,0x00000000d7100000)
 ParOldGen       total 68608K, used 9903K [0x0000000080000000, 0x0000000084300000, 0x00000000d5580000)
  object space 68608K, 14% used [0x0000000080000000,0x00000000809abcd8,0x0000000084300000)
 Metaspace       used 30227K, committed 31104K, reserved 1114112K
  class space    used 3059K, committed 3456K, reserved 1048576K

Card table byte_map: [0x0000026b745f0000,0x0000026b74a00000] _byte_map_base: 0x0000026b741f0000

Marking Bits: (ParMarkBitMap*) 0x00007ffb1f4ea340
 Begin Bits: [0x0000026b780f0000, 0x0000026b7a0f0000)
 End Bits:   [0x0000026b7a0f0000, 0x0000026b7c0f0000)

Polling page: 0x0000026b72ac0000

Metaspace:

Usage:
  Non-class:     26.53 MB used.
      Class:      2.99 MB used.
       Both:     29.52 MB used.

Virtual space:
  Non-class space:       64.00 MB reserved,      27.00 MB ( 42%) committed,  1 nodes.
      Class space:        1.00 GB reserved,       3.38 MB ( <1%) committed,  1 nodes.
             Both:        1.06 GB reserved,      30.38 MB (  3%) committed. 

Chunk freelists:
   Non-Class:  4.23 MB
       Class:  12.48 MB
        Both:  16.71 MB

MaxMetaspaceSize: unlimited
CompressedClassSpaceSize: 1.00 GB
Initial GC threshold: 21.00 MB
Current GC threshold: 35.00 MB
CDS: on
 - commit_granule_bytes: 65536.
 - commit_granule_words: 8192.
 - virtual_space_node_default_size: 8388608.
 - enlarge_chunks_in_place: 1.
 - use_allocation_guard: 0.


Internal statistics:

num_allocs_failed_limit: 3.
num_arena_births: 546.
num_arena_deaths: 14.
num_vsnodes_births: 2.
num_vsnodes_deaths: 0.
num_space_committed: 486.
num_space_uncommitted: 0.
num_chunks_returned_to_freelist: 17.
num_chunks_taken_from_freelist: 1691.
num_chunk_merges: 9.
num_chunk_splits: 1091.
num_chunks_enlarged: 720.
num_inconsistent_stats: 0.

CodeHeap 'non-profiled nmethods': size=120000Kb used=1686Kb max_used=1686Kb free=118313Kb
 bounds [0x0000026b07ad0000, 0x0000026b07d40000, 0x0000026b0f000000]
CodeHeap 'profiled nmethods': size=120000Kb used=7486Kb max_used=7486Kb free=112513Kb
 bounds [0x0000026b00000000, 0x0000026b00750000, 0x0000026b07530000]
CodeHeap 'non-nmethods': size=5760Kb used=1352Kb max_used=1372Kb free=4407Kb
 bounds [0x0000026b07530000, 0x0000026b077a0000, 0x0000026b07ad0000]
CodeCache: size=245760Kb, used=10524Kb, max_used=10544Kb, free=235233Kb
 total_blobs=4355, nmethods=3721, adapters=540, full_count=0
Compilation: enabled, stopped_count=0, restarted_count=0

Compilation events (20 events):
Event: 13.629 Thread 0x0000026b74b6b560 nmethod 3708 0x0000026b07c73290 code [0x0000026b07c73440, 0x0000026b07c73930]
Event: 13.629 Thread 0x0000026b74b6b560 3710       4       java.util.Hashtable$Enumerator::hasNext (5 bytes)
Event: 13.635 Thread 0x0000026b74b6b560 nmethod 3710 0x0000026b07c73b90 code [0x0000026b07c73d20, 0x0000026b07c73ed0]
Event: 13.798 Thread 0x0000026b74be4980 3713       1       org.eclipse.core.internal.jobs.InternalJob::setNext (6 bytes)
Event: 13.798 Thread 0x0000026b74be4980 nmethod 3713 0x0000026b07c73f90 code [0x0000026b07c74120, 0x0000026b07c74200]
Event: 13.800 Thread 0x0000026b74be4980 3714       1       org.eclipse.core.internal.jobs.InternalJob::setPrevious (6 bytes)
Event: 13.800 Thread 0x0000026b74be4980 nmethod 3714 0x0000026b07c74290 code [0x0000026b07c74420, 0x0000026b07c74500]
Event: 13.803 Thread 0x0000026b74be4980 3715       1       org.eclipse.core.internal.dtree.AbstractDataTreeNode::isDeleted (2 bytes)
Event: 13.803 Thread 0x0000026b74be4980 nmethod 3715 0x0000026b07c74590 code [0x0000026b07c74720, 0x0000026b07c747e8]
Event: 13.806 Thread 0x0000026b74be4980 3716       3       org.eclipse.core.runtime.Path::segmentCount (6 bytes)
Event: 13.806 Thread 0x0000026b74be4980 nmethod 3716 0x0000026b0074b790 code [0x0000026b0074b920, 0x0000026b0074ba48]
Event: 73.178 Thread 0x0000026b74be4980 3717       3       java.nio.Buffer::flip (20 bytes)
Event: 73.185 Thread 0x0000026b74be4980 nmethod 3717 0x0000026b0074bb10 code [0x0000026b0074bca0, 0x0000026b0074bdc0]
Event: 73.427 Thread 0x0000026b74be4980 3718       3       java.util.Calendar::get (10 bytes)
Event: 73.430 Thread 0x0000026b74be4980 nmethod 3718 0x0000026b0074be90 code [0x0000026b0074c040, 0x0000026b0074c2a0]
Event: 73.846 Thread 0x0000026b74be4980 3719       3       java.lang.invoke.VarHandleGuards::guard_LL_V (123 bytes)
Event: 73.860 Thread 0x0000026b74be4980 nmethod 3719 0x0000026b0074c410 code [0x0000026b0074c820, 0x0000026b0074eaa8]
Event: 73.861 Thread 0x0000026b74be4980 3720       3       org.eclipse.core.runtime.jobs.Job::getJobGroup (5 bytes)
Event: 73.861 Thread 0x0000026b74be4980 nmethod 3720 0x0000026b0074f590 code [0x0000026b0074f720, 0x0000026b0074f840]
Event: 73.861 Thread 0x0000026b74be4980 3721   !   3       org.eclipse.core.internal.jobs.JobListeners::waitAndSendEvents (445 bytes)

GC Heap History (18 events):
Event: 1.545 GC heap before
{Heap before GC invocations=1 (full 0):
 PSYoungGen      total 29696K, used 25600K [0x00000000d5580000, 0x00000000d7680000, 0x0000000100000000)
  eden space 25600K, 100% used [0x00000000d5580000,0x00000000d6e80000,0x00000000d6e80000)
  from space 4096K, 0% used [0x00000000d7280000,0x00000000d7280000,0x00000000d7680000)
  to   space 4096K, 0% used [0x00000000d6e80000,0x00000000d6e80000,0x00000000d7280000)
 ParOldGen       total 68608K, used 0K [0x0000000080000000, 0x0000000084300000, 0x00000000d5580000)
  object space 68608K, 0% used [0x0000000080000000,0x0000000080000000,0x0000000084300000)
 Metaspace       used 4354K, committed 4608K, reserved 1114112K
  class space    used 473K, committed 576K, reserved 1048576K
}
Event: 1.555 GC heap after
{Heap after GC invocations=1 (full 0):
 PSYoungGen      total 29696K, used 3303K [0x00000000d5580000, 0x00000000d7680000, 0x0000000100000000)
  eden space 25600K, 0% used [0x00000000d5580000,0x00000000d5580000,0x00000000d6e80000)
  from space 4096K, 80% used [0x00000000d6e80000,0x00000000d71b9e98,0x00000000d7280000)
  to   space 4096K, 0% used [0x00000000d7280000,0x00000000d7280000,0x00000000d7680000)
 ParOldGen       total 68608K, used 8K [0x0000000080000000, 0x0000000084300000, 0x00000000d5580000)
  object space 68608K, 0% used [0x0000000080000000,0x0000000080002000,0x0000000084300000)
 Metaspace       used 4354K, committed 4608K, reserved 1114112K
  class space    used 473K, committed 576K, reserved 1048576K
}
Event: 3.036 GC heap before
{Heap before GC invocations=2 (full 0):
 PSYoungGen      total 29696K, used 28903K [0x00000000d5580000, 0x00000000d7680000, 0x0000000100000000)
  eden space 25600K, 100% used [0x00000000d5580000,0x00000000d6e80000,0x00000000d6e80000)
  from space 4096K, 80% used [0x00000000d6e80000,0x00000000d71b9e98,0x00000000d7280000)
  to   space 4096K, 0% used [0x00000000d7280000,0x00000000d7280000,0x00000000d7680000)
 ParOldGen       total 68608K, used 8K [0x0000000080000000, 0x0000000084300000, 0x00000000d5580000)
  object space 68608K, 0% used [0x0000000080000000,0x0000000080002000,0x0000000084300000)
 Metaspace       used 8259K, committed 8576K, reserved 1114112K
  class space    used 877K, committed 1024K, reserved 1048576K
}
Event: 3.042 GC heap after
{Heap after GC invocations=2 (full 0):
 PSYoungGen      total 29696K, used 4070K [0x00000000d5580000, 0x00000000d7680000, 0x0000000100000000)
  eden space 25600K, 0% used [0x00000000d5580000,0x00000000d5580000,0x00000000d6e80000)
  from space 4096K, 99% used [0x00000000d7280000,0x00000000d7679820,0x00000000d7680000)
  to   space 4096K, 0% used [0x00000000d6e80000,0x00000000d6e80000,0x00000000d7280000)
 ParOldGen       total 68608K, used 917K [0x0000000080000000, 0x0000000084300000, 0x00000000d5580000)
  object space 68608K, 1% used [0x0000000080000000,0x00000000800e56b8,0x0000000084300000)
 Metaspace       used 8259K, committed 8576K, reserved 1114112K
  class space    used 877K, committed 1024K, reserved 1048576K
}
Event: 4.434 GC heap before
{Heap before GC invocations=3 (full 0):
 PSYoungGen      total 29696K, used 29670K [0x00000000d5580000, 0x00000000d7680000, 0x0000000100000000)
  eden space 25600K, 100% used [0x00000000d5580000,0x00000000d6e80000,0x00000000d6e80000)
  from space 4096K, 99% used [0x00000000d7280000,0x00000000d7679820,0x00000000d7680000)
  to   space 4096K, 0% used [0x00000000d6e80000,0x00000000d6e80000,0x00000000d7280000)
 ParOldGen       total 68608K, used 917K [0x0000000080000000, 0x0000000084300000, 0x00000000d5580000)
  object space 68608K, 1% used [0x0000000080000000,0x00000000800e56b8,0x0000000084300000)
 Metaspace       used 13074K, committed 13696K, reserved 1114112K
  class space    used 1383K, committed 1664K, reserved 1048576K
}
Event: 4.441 GC heap after
{Heap after GC invocations=3 (full 0):
 PSYoungGen      total 29696K, used 4086K [0x00000000d5580000, 0x00000000d7680000, 0x0000000100000000)
  eden space 25600K, 0% used [0x00000000d5580000,0x00000000d5580000,0x00000000d6e80000)
  from space 4096K, 99% used [0x00000000d6e80000,0x00000000d727d908,0x00000000d7280000)
  to   space 4096K, 0% used [0x00000000d7280000,0x00000000d7280000,0x00000000d7680000)
 ParOldGen       total 68608K, used 2686K [0x0000000080000000, 0x0000000084300000, 0x00000000d5580000)
  object space 68608K, 3% used [0x0000000080000000,0x000000008029f9f8,0x0000000084300000)
 Metaspace       used 13074K, committed 13696K, reserved 1114112K
  class space    used 1383K, committed 1664K, reserved 1048576K
}
Event: 5.367 GC heap before
{Heap before GC invocations=4 (full 0):
 PSYoungGen      total 29696K, used 29682K [0x00000000d5580000, 0x00000000d7680000, 0x0000000100000000)
  eden space 25600K, 99% used [0x00000000d5580000,0x00000000d6e7eff0,0x00000000d6e80000)
  from space 4096K, 99% used [0x00000000d6e80000,0x00000000d727d908,0x00000000d7280000)
  to   space 4096K, 0% used [0x00000000d7280000,0x00000000d7280000,0x00000000d7680000)
 ParOldGen       total 68608K, used 2686K [0x0000000080000000, 0x0000000084300000, 0x00000000d5580000)
  object space 68608K, 3% used [0x0000000080000000,0x000000008029f9f8,0x0000000084300000)
 Metaspace       used 16222K, committed 16896K, reserved 1114112K
  class space    used 1691K, committed 1984K, reserved 1048576K
}
Event: 5.372 GC heap after
{Heap after GC invocations=4 (full 0):
 PSYoungGen      total 29696K, used 4087K [0x00000000d5580000, 0x00000000d7680000, 0x0000000100000000)
  eden space 25600K, 0% used [0x00000000d5580000,0x00000000d5580000,0x00000000d6e80000)
  from space 4096K, 99% used [0x00000000d7280000,0x00000000d767de98,0x00000000d7680000)
  to   space 4096K, 0% used [0x00000000d6e80000,0x00000000d6e80000,0x00000000d7280000)
 ParOldGen       total 68608K, used 5642K [0x0000000080000000, 0x0000000084300000, 0x00000000d5580000)
  object space 68608K, 8% used [0x0000000080000000,0x0000000080582898,0x0000000084300000)
 Metaspace       used 16222K, committed 16896K, reserved 1114112K
  class space    used 1691K, committed 1984K, reserved 1048576K
}
Event: 5.841 GC heap before
{Heap before GC invocations=5 (full 0):
 PSYoungGen      total 29696K, used 29687K [0x00000000d5580000, 0x00000000d7680000, 0x0000000100000000)
  eden space 25600K, 100% used [0x00000000d5580000,0x00000000d6e80000,0x00000000d6e80000)
  from space 4096K, 99% used [0x00000000d7280000,0x00000000d767de98,0x00000000d7680000)
  to   space 4096K, 0% used [0x00000000d6e80000,0x00000000d6e80000,0x00000000d7280000)
 ParOldGen       total 68608K, used 5642K [0x0000000080000000, 0x0000000084300000, 0x00000000d5580000)
  object space 68608K, 8% used [0x0000000080000000,0x0000000080582898,0x0000000084300000)
 Metaspace       used 20270K, committed 20928K, reserved 1114112K
  class space    used 1987K, committed 2304K, reserved 1048576K
}
Event: 5.845 GC heap after
{Heap after GC invocations=5 (full 0):
 PSYoungGen      total 29184K, used 4078K [0x00000000d5580000, 0x00000000d7900000, 0x0000000100000000)
  eden space 25088K, 0% used [0x00000000d5580000,0x00000000d5580000,0x00000000d6e00000)
  from space 4096K, 99% used [0x00000000d6e80000,0x00000000d727bab0,0x00000000d7280000)
  to   space 5632K, 0% used [0x00000000d7380000,0x00000000d7380000,0x00000000d7900000)
 ParOldGen       total 68608K, used 5807K [0x0000000080000000, 0x0000000084300000, 0x00000000d5580000)
  object space 68608K, 8% used [0x0000000080000000,0x00000000805abec8,0x0000000084300000)
 Metaspace       used 20270K, committed 20928K, reserved 1114112K
  class space    used 1987K, committed 2304K, reserved 1048576K
}
Event: 6.039 GC heap before
{Heap before GC invocations=6 (full 0):
 PSYoungGen      total 29184K, used 20986K [0x00000000d5580000, 0x00000000d7900000, 0x0000000100000000)
  eden space 25088K, 67% used [0x00000000d5580000,0x00000000d6602de0,0x00000000d6e00000)
  from space 4096K, 99% used [0x00000000d6e80000,0x00000000d727bab0,0x00000000d7280000)
  to   space 5632K, 0% used [0x00000000d7380000,0x00000000d7380000,0x00000000d7900000)
 ParOldGen       total 68608K, used 5807K [0x0000000080000000, 0x0000000084300000, 0x00000000d5580000)
  object space 68608K, 8% used [0x0000000080000000,0x00000000805abec8,0x0000000084300000)
 Metaspace       used 20871K, committed 21504K, reserved 1114112K
  class space    used 2014K, committed 2304K, reserved 1048576K
}
Event: 6.046 GC heap after
{Heap after GC invocations=6 (full 0):
 PSYoungGen      total 30720K, used 5168K [0x00000000d5580000, 0x00000000d7900000, 0x0000000100000000)
  eden space 25088K, 0% used [0x00000000d5580000,0x00000000d5580000,0x00000000d6e00000)
  from space 5632K, 91% used [0x00000000d7380000,0x00000000d788c3b0,0x00000000d7900000)
  to   space 5632K, 0% used [0x00000000d6e00000,0x00000000d6e00000,0x00000000d7380000)
 ParOldGen       total 68608K, used 6596K [0x0000000080000000, 0x0000000084300000, 0x00000000d5580000)
  object space 68608K, 9% used [0x0000000080000000,0x00000000806713d8,0x0000000084300000)
 Metaspace       used 20871K, committed 21504K, reserved 1114112K
  class space    used 2014K, committed 2304K, reserved 1048576K
}
Event: 6.046 GC heap before
{Heap before GC invocations=7 (full 1):
 PSYoungGen      total 30720K, used 5168K [0x00000000d5580000, 0x00000000d7900000, 0x0000000100000000)
  eden space 25088K, 0% used [0x00000000d5580000,0x00000000d5580000,0x00000000d6e00000)
  from space 5632K, 91% used [0x00000000d7380000,0x00000000d788c3b0,0x00000000d7900000)
  to   space 5632K, 0% used [0x00000000d6e00000,0x00000000d6e00000,0x00000000d7380000)
 ParOldGen       total 68608K, used 6596K [0x0000000080000000, 0x0000000084300000, 0x00000000d5580000)
  object space 68608K, 9% used [0x0000000080000000,0x00000000806713d8,0x0000000084300000)
 Metaspace       used 20871K, committed 21504K, reserved 1114112K
  class space    used 2014K, committed 2304K, reserved 1048576K
}
Event: 6.080 GC heap after
{Heap after GC invocations=7 (full 1):
 PSYoungGen      total 30720K, used 0K [0x00000000d5580000, 0x00000000d7900000, 0x0000000100000000)
  eden space 25088K, 0% used [0x00000000d5580000,0x00000000d5580000,0x00000000d6e00000)
  from space 5632K, 0% used [0x00000000d7380000,0x00000000d7380000,0x00000000d7900000)
  to   space 5632K, 0% used [0x00000000d6e00000,0x00000000d6e00000,0x00000000d7380000)
 ParOldGen       total 68608K, used 9835K [0x0000000080000000, 0x0000000084300000, 0x00000000d5580000)
  object space 68608K, 14% used [0x0000000080000000,0x000000008099acc8,0x0000000084300000)
 Metaspace       used 20858K, committed 21504K, reserved 1114112K
  class space    used 2011K, committed 2304K, reserved 1048576K
}
Event: 8.540 GC heap before
{Heap before GC invocations=8 (full 1):
 PSYoungGen      total 30720K, used 25088K [0x00000000d5580000, 0x00000000d7900000, 0x0000000100000000)
  eden space 25088K, 100% used [0x00000000d5580000,0x00000000d6e00000,0x00000000d6e00000)
  from space 5632K, 0% used [0x00000000d7380000,0x00000000d7380000,0x00000000d7900000)
  to   space 5632K, 0% used [0x00000000d6e00000,0x00000000d6e00000,0x00000000d7380000)
 ParOldGen       total 68608K, used 9835K [0x0000000080000000, 0x0000000084300000, 0x00000000d5580000)
  object space 68608K, 14% used [0x0000000080000000,0x000000008099acc8,0x0000000084300000)
 Metaspace       used 24932K, committed 25728K, reserved 1114112K
  class space    used 2436K, committed 2816K, reserved 1048576K
}
Event: 8.548 GC heap after
{Heap after GC invocations=8 (full 1):
 PSYoungGen      total 27136K, used 2454K [0x00000000d5580000, 0x00000000d7480000, 0x0000000100000000)
  eden space 24576K, 0% used [0x00000000d5580000,0x00000000d5580000,0x00000000d6d80000)
  from space 2560K, 95% used [0x00000000d6e00000,0x00000000d7065888,0x00000000d7080000)
  to   space 3584K, 0% used [0x00000000d7100000,0x00000000d7100000,0x00000000d7480000)
 ParOldGen       total 68608K, used 9843K [0x0000000080000000, 0x0000000084300000, 0x00000000d5580000)
  object space 68608K, 14% used [0x0000000080000000,0x000000008099ccc8,0x0000000084300000)
 Metaspace       used 24932K, committed 25728K, reserved 1114112K
  class space    used 2436K, committed 2816K, reserved 1048576K
}
Event: 9.341 GC heap before
{Heap before GC invocations=9 (full 1):
 PSYoungGen      total 27136K, used 27030K [0x00000000d5580000, 0x00000000d7480000, 0x0000000100000000)
  eden space 24576K, 100% used [0x00000000d5580000,0x00000000d6d80000,0x00000000d6d80000)
  from space 2560K, 95% used [0x00000000d6e00000,0x00000000d7065888,0x00000000d7080000)
  to   space 3584K, 0% used [0x00000000d7100000,0x00000000d7100000,0x00000000d7480000)
 ParOldGen       total 68608K, used 9843K [0x0000000080000000, 0x0000000084300000, 0x00000000d5580000)
  object space 68608K, 14% used [0x0000000080000000,0x000000008099ccc8,0x0000000084300000)
 Metaspace       used 28223K, committed 28992K, reserved 1114112K
  class space    used 2830K, committed 3136K, reserved 1048576K
}
Event: 9.347 GC heap after
{Heap after GC invocations=9 (full 1):
 PSYoungGen      total 27648K, used 3560K [0x00000000d5580000, 0x00000000d7500000, 0x0000000100000000)
  eden space 24064K, 0% used [0x00000000d5580000,0x00000000d5580000,0x00000000d6d00000)
  from space 3584K, 99% used [0x00000000d7100000,0x00000000d747a268,0x00000000d7480000)
  to   space 4096K, 0% used [0x00000000d6d00000,0x00000000d6d00000,0x00000000d7100000)
 ParOldGen       total 68608K, used 9903K [0x0000000080000000, 0x0000000084300000, 0x00000000d5580000)
  object space 68608K, 14% used [0x0000000080000000,0x00000000809abcd8,0x0000000084300000)
 Metaspace       used 28223K, committed 28992K, reserved 1114112K
  class space    used 2830K, committed 3136K, reserved 1048576K
}

Dll operation events (12 events):
Event: 0.028 Loaded shared library c:\Users\Windows\.vscode\extensions\redhat.java-1.47.0-win32-x64\jre\21.0.8-win32-x86_64\bin\java.dll
Event: 0.150 Loaded shared library c:\Users\Windows\.vscode\extensions\redhat.java-1.47.0-win32-x64\jre\21.0.8-win32-x86_64\bin\zip.dll
Event: 0.179 Loaded shared library C:\Users\Windows\.vscode\extensions\redhat.java-1.47.0-win32-x64\jre\21.0.8-win32-x86_64\bin\instrument.dll
Event: 0.196 Loaded shared library C:\Users\Windows\.vscode\extensions\redhat.java-1.47.0-win32-x64\jre\21.0.8-win32-x86_64\bin\net.dll
Event: 0.203 Loaded shared library C:\Users\Windows\.vscode\extensions\redhat.java-1.47.0-win32-x64\jre\21.0.8-win32-x86_64\bin\nio.dll
Event: 0.207 Loaded shared library C:\Users\Windows\.vscode\extensions\redhat.java-1.47.0-win32-x64\jre\21.0.8-win32-x86_64\bin\zip.dll
Event: 0.254 Loaded shared library C:\Users\Windows\.vscode\extensions\redhat.java-1.47.0-win32-x64\jre\21.0.8-win32-x86_64\bin\jimage.dll
Event: 0.528 Loaded shared library c:\Users\Windows\.vscode\extensions\redhat.java-1.47.0-win32-x64\jre\21.0.8-win32-x86_64\bin\verify.dll
Event: 2.971 Loaded shared library C:\Users\Windows\AppData\Roaming\Code\User\globalStorage\redhat.java\1.47.0\config_ss_win\org.eclipse.equinox.launcher\org.eclipse.equinox.launcher.win32.win32.x86_64_1.2.1400.v20250801-0854\eclipse_11916.dll
Event: 4.555 Loaded shared library C:\Users\Windows\.vscode\extensions\redhat.java-1.47.0-win32-x64\jre\21.0.8-win32-x86_64\bin\management.dll
Event: 4.587 Loaded shared library C:\Users\Windows\.vscode\extensions\redhat.java-1.47.0-win32-x64\jre\21.0.8-win32-x86_64\bin\management_ext.dll
Event: 8.306 Loaded shared library C:\Users\Windows\AppData\Local\Temp\jna--1280820637\jna7802442168595844339.dll

Deoptimization events (20 events):
Event: 11.541 Thread 0x0000026b7efee300 DEOPT PACKING pc=0x0000026b07b4bd7c sp=0x000000c5afdfedc0
Event: 11.541 Thread 0x0000026b7efee300 DEOPT UNPACKING pc=0x0000026b07586da2 sp=0x000000c5afdfed98 mode 2
Event: 11.628 Thread 0x0000026b7efee300 Uncommon trap: trap_request=0xffffff45 fr.pc=0x0000026b07b4bc08 relative=0x00000000000004c8
Event: 11.628 Thread 0x0000026b7efee300 Uncommon trap: reason=unstable_if action=reinterpret pc=0x0000026b07b4bc08 method=java.io.BufferedInputStream.implRead([BII)I @ 55 c2
Event: 11.628 Thread 0x0000026b7efee300 DEOPT PACKING pc=0x0000026b07b4bc08 sp=0x000000c5afdfed70
Event: 11.628 Thread 0x0000026b7efee300 DEOPT UNPACKING pc=0x0000026b07586da2 sp=0x000000c5afdfed28 mode 2
Event: 11.629 Thread 0x0000026b7eff03d0 Uncommon trap: trap_request=0xffffff45 fr.pc=0x0000026b07b4bc08 relative=0x00000000000004c8
Event: 11.629 Thread 0x0000026b7eff03d0 Uncommon trap: reason=unstable_if action=reinterpret pc=0x0000026b07b4bc08 method=java.io.BufferedInputStream.implRead([BII)I @ 55 c2
Event: 11.629 Thread 0x0000026b7eff03d0 DEOPT PACKING pc=0x0000026b07b4bc08 sp=0x000000c5afeff3b0
Event: 11.629 Thread 0x0000026b7eff03d0 DEOPT UNPACKING pc=0x0000026b07586da2 sp=0x000000c5afeff388 mode 2
Event: 11.785 Thread 0x0000026b7efedc70 Uncommon trap: trap_request=0xffffff6e fr.pc=0x0000026b07b96b98 relative=0x0000000000000178
Event: 11.785 Thread 0x0000026b7efedc70 Uncommon trap: reason=loop_limit_check action=maybe_recompile pc=0x0000026b07b96b98 method=java.lang.StringLatin1.lastIndexOf([BII)I @ 19 c2
Event: 11.785 Thread 0x0000026b7efedc70 DEOPT PACKING pc=0x0000026b07b96b98 sp=0x000000c5afbfe110
Event: 11.785 Thread 0x0000026b7efedc70 DEOPT UNPACKING pc=0x0000026b07586da2 sp=0x000000c5afbfe038 mode 2
Event: 12.374 Thread 0x0000026b7efedc70 DEOPT PACKING pc=0x0000026b00604aa6 sp=0x000000c5afbfe280
Event: 12.374 Thread 0x0000026b7efedc70 DEOPT UNPACKING pc=0x0000026b075878e2 sp=0x000000c5afbfd778 mode 0
Event: 13.099 Thread 0x0000026b7efedc70 Uncommon trap: trap_request=0xffffff45 fr.pc=0x0000026b07b1cb50 relative=0x00000000000004d0
Event: 13.099 Thread 0x0000026b7efedc70 Uncommon trap: reason=unstable_if action=reinterpret pc=0x0000026b07b1cb50 method=java.util.HashMap$HashIterator.<init>(Ljava/util/HashMap;)V @ 45 c2
Event: 13.099 Thread 0x0000026b7efedc70 DEOPT PACKING pc=0x0000026b07b1cb50 sp=0x000000c5afbfe900
Event: 13.099 Thread 0x0000026b7efedc70 DEOPT UNPACKING pc=0x0000026b07586da2 sp=0x000000c5afbfe770 mode 2

Classes loaded (20 events):
Event: 12.714 Loading class java/nio/file/InvalidPathException
Event: 12.714 Loading class java/nio/file/InvalidPathException done
Event: 12.821 Loading class java/util/concurrent/CompletableFuture$AltResult
Event: 12.823 Loading class java/util/concurrent/CompletableFuture$AltResult done
Event: 12.824 Loading class java/util/concurrent/CompletableFuture$Completion
Event: 12.825 Loading class java/util/concurrent/CompletableFuture$AsynchronousCompletionTask
Event: 12.826 Loading class java/util/concurrent/CompletableFuture$AsynchronousCompletionTask done
Event: 12.827 Loading class java/util/concurrent/CompletableFuture$Completion done
Event: 12.868 Loading class sun/nio/ch/WindowsAsynchronousFileChannelImpl$WriteTask
Event: 12.868 Loading class sun/nio/ch/WindowsAsynchronousFileChannelImpl$WriteTask done
Event: 73.688 Loading class java/util/concurrent/CompletableFuture$UniApply
Event: 73.710 Loading class java/util/concurrent/CompletableFuture$UniCompletion
Event: 73.721 Loading class java/util/concurrent/CompletableFuture$UniCompletion done
Event: 73.721 Loading class java/util/concurrent/CompletableFuture$UniApply done
Event: 73.761 Loading class java/util/concurrent/CancellationException
Event: 73.769 Loading class java/util/concurrent/CancellationException done
Event: 73.810 Loading class java/util/concurrent/CompletableFuture$UniAccept
Event: 73.813 Loading class java/util/concurrent/CompletableFuture$UniAccept done
Event: 73.813 Loading class java/util/concurrent/CompletableFuture$UniExceptionally
Event: 73.816 Loading class java/util/concurrent/CompletableFuture$UniExceptionally done

Classes unloaded (7 events):
Event: 6.052 Thread 0x0000026b74cf0f50 Unloading class 0x0000026b10190c00 'java/lang/invoke/LambdaForm$MH+0x0000026b10190c00'
Event: 6.052 Thread 0x0000026b74cf0f50 Unloading class 0x0000026b10190800 'java/lang/invoke/LambdaForm$MH+0x0000026b10190800'
Event: 6.052 Thread 0x0000026b74cf0f50 Unloading class 0x0000026b10190400 'java/lang/invoke/LambdaForm$MH+0x0000026b10190400'
Event: 6.052 Thread 0x0000026b74cf0f50 Unloading class 0x0000026b10190000 'java/lang/invoke/LambdaForm$MH+0x0000026b10190000'
Event: 6.052 Thread 0x0000026b74cf0f50 Unloading class 0x0000026b1018fc00 'java/lang/invoke/LambdaForm$BMH+0x0000026b1018fc00'
Event: 6.052 Thread 0x0000026b74cf0f50 Unloading class 0x0000026b1018f800 'java/lang/invoke/LambdaForm$DMH+0x0000026b1018f800'
Event: 6.052 Thread 0x0000026b74cf0f50 Unloading class 0x0000026b1018e400 'java/lang/invoke/LambdaForm$DMH+0x0000026b1018e400'

Classes redefined (0 events):
No events

Internal exceptions (20 events):
Event: 12.664 Thread 0x0000026b7efedc70 Exception <a 'sun/nio/fs/WindowsException'{0x00000000d617e558}> (0x00000000d617e558) 
thrown [s\src\hotspot\share\prims\jni.cpp, line 520]
Event: 12.665 Thread 0x0000026b7efedc70 Exception <a 'sun/nio/fs/WindowsException'{0x00000000d617f070}> (0x00000000d617f070) 
thrown [s\src\hotspot\share\prims\jni.cpp, line 520]
Event: 12.666 Thread 0x0000026b7efedc70 Exception <a 'sun/nio/fs/WindowsException'{0x00000000d6180268}> (0x00000000d6180268) 
thrown [s\src\hotspot\share\prims\jni.cpp, line 520]
Event: 12.667 Thread 0x0000026b7efedc70 Exception <a 'sun/nio/fs/WindowsException'{0x00000000d6180b68}> (0x00000000d6180b68) 
thrown [s\src\hotspot\share\prims\jni.cpp, line 520]
Event: 12.669 Thread 0x0000026b7efedc70 Exception <a 'sun/nio/fs/WindowsException'{0x00000000d6181ae8}> (0x00000000d6181ae8) 
thrown [s\src\hotspot\share\prims\jni.cpp, line 520]
Event: 12.669 Thread 0x0000026b7efedc70 Exception <a 'sun/nio/fs/WindowsException'{0x00000000d61823c8}> (0x00000000d61823c8) 
thrown [s\src\hotspot\share\prims\jni.cpp, line 520]
Event: 12.677 Thread 0x0000026b7efedc70 Exception <a 'sun/nio/fs/WindowsException'{0x00000000d6184120}> (0x00000000d6184120) 
thrown [s\src\hotspot\share\prims\jni.cpp, line 520]
Event: 12.679 Thread 0x0000026b7efedc70 Exception <a 'sun/nio/fs/WindowsException'{0x00000000d618c160}> (0x00000000d618c160) 
thrown [s\src\hotspot\share\prims\jni.cpp, line 520]
Event: 12.705 Thread 0x0000026b7e0c6080 Exception <a 'sun/nio/fs/WindowsException'{0x00000000d61e0b48}> (0x00000000d61e0b48) 
thrown [s\src\hotspot\share\prims\jni.cpp, line 520]
Event: 12.728 Thread 0x0000026b7efedc70 Exception <a 'sun/nio/fs/WindowsException'{0x00000000d6225ff8}> (0x00000000d6225ff8) 
thrown [s\src\hotspot\share\prims\jni.cpp, line 520]
Event: 12.728 Thread 0x0000026b7efedc70 Exception <a 'sun/nio/fs/WindowsException'{0x00000000d6226b10}> (0x00000000d6226b10) 
thrown [s\src\hotspot\share\prims\jni.cpp, line 520]
Event: 12.729 Thread 0x0000026b7efedc70 Exception <a 'sun/nio/fs/WindowsException'{0x00000000d6227a50}> (0x00000000d6227a50) 
thrown [s\src\hotspot\share\prims\jni.cpp, line 520]
Event: 12.729 Thread 0x0000026b7efedc70 Exception <a 'sun/nio/fs/WindowsException'{0x00000000d6228350}> (0x00000000d6228350) 
thrown [s\src\hotspot\share\prims\jni.cpp, line 520]
Event: 12.730 Thread 0x0000026b7efedc70 Exception <a 'sun/nio/fs/WindowsException'{0x00000000d6229028}> (0x00000000d6229028) 
thrown [s\src\hotspot\share\prims\jni.cpp, line 520]
Event: 12.731 Thread 0x0000026b7efedc70 Exception <a 'sun/nio/fs/WindowsException'{0x00000000d6229908}> (0x00000000d6229908) 
thrown [s\src\hotspot\share\prims\jni.cpp, line 520]
Event: 12.739 Thread 0x0000026b7efedc70 Exception <a 'sun/nio/fs/WindowsException'{0x00000000d623b580}> (0x00000000d623b580) 
thrown [s\src\hotspot\share\prims\jni.cpp, line 520]
Event: 12.746 Thread 0x0000026b7efedc70 Exception <a 'sun/nio/fs/WindowsException'{0x00000000d6241828}> (0x00000000d6241828) 
thrown [s\src\hotspot\share\prims\jni.cpp, line 520]
Event: 12.749 Thread 0x0000026b7e0c6080 Exception <a 'sun/nio/fs/WindowsException'{0x00000000d61ed788}> (0x00000000d61ed788) 
thrown [s\src\hotspot\share\prims\jni.cpp, line 520]
Event: 12.874 Thread 0x0000026b7e0c6080 Exception <a 'sun/nio/fs/WindowsException'{0x00000000d62575b0}> (0x00000000d62575b0) 
thrown [s\src\hotspot\share\prims\jni.cpp, line 520]
Event: 13.080 Thread 0x0000026b7efedc70 Exception <a 'java/lang/IncompatibleClassChangeError'{0x00000000d64e3848}: Found class java.lang.Object, but interface was expected> (0x00000000d64e3848) 
thrown [s\src\hotspot\share\interpreter\linkResolver.cpp, line 840]

ZGC Phase Switch (0 events):
No events

VM Operations (20 events):
Event: 8.539 Executing VM operation: ParallelGCFailedAllocation (Allocation Failure)
Event: 8.548 Executing VM operation: ParallelGCFailedAllocation (Allocation Failure) done
Event: 9.304 Executing VM operation: HandshakeAllThreads (Deoptimize)
Event: 9.304 Executing VM operation: HandshakeAllThreads (Deoptimize) done
Event: 9.341 Executing VM operation: ParallelGCFailedAllocation (Allocation Failure)
Event: 9.347 Executing VM operation: ParallelGCFailedAllocation (Allocation Failure) done
Event: 9.801 Executing VM operation: HandshakeAllThreads (Deoptimize)
Event: 9.801 Executing VM operation: HandshakeAllThreads (Deoptimize) done
Event: 10.801 Executing VM operation: Cleanup
Event: 10.801 Executing VM operation: Cleanup done
Event: 11.809 Executing VM operation: Cleanup
Event: 11.809 Executing VM operation: Cleanup done
Event: 12.825 Executing VM operation: Cleanup
Event: 12.826 Executing VM operation: Cleanup done
Event: 13.826 Executing VM operation: Cleanup
Event: 13.827 Executing VM operation: Cleanup done
Event: 60.056 Executing VM operation: HandshakeAllThreads (HandshakeForDeflation)
Event: 60.064 Executing VM operation: HandshakeAllThreads (HandshakeForDeflation) done
Event: 60.067 Executing VM operation: RendezvousGCThreads
Event: 60.067 Executing VM operation: RendezvousGCThreads done

Memory protections (0 events):
No events

Nmethod flushes (0 events):
No events

Events (20 events):
Event: 9.102 Thread 0x0000026b74c72690 Thread added: 0x0000026b7f20c6e0
Event: 9.103 Thread 0x0000026b74c72690 Thread added: 0x0000026b7efedc70
Event: 10.979 Thread 0x0000026b7efedc70 Thread added: 0x0000026b7efee990
Event: 10.981 Thread 0x0000026b7efedc70 Thread added: 0x0000026b7efee300
Event: 10.982 Thread 0x0000026b7efedc70 Thread added: 0x0000026b7eff03d0
Event: 10.983 Thread 0x0000026b7efedc70 Thread added: 0x0000026b7efef6b0
Event: 11.628 Thread 0x0000026b7efee300 Thread exited: 0x0000026b7efee300
Event: 11.629 Thread 0x0000026b7eff03d0 Thread exited: 0x0000026b7eff03d0
Event: 11.660 Thread 0x0000026b7efef6b0 Thread exited: 0x0000026b7efef6b0
Event: 11.660 Thread 0x0000026b7efee990 Thread exited: 0x0000026b7efee990
Event: 11.855 Thread 0x0000026b7efedc70 Thread added: 0x0000026b7efed5e0
Event: 11.855 Thread 0x0000026b7efedc70 Thread added: 0x0000026b7efee990
Event: 11.855 Thread 0x0000026b7efedc70 Thread added: 0x0000026b7eff0a60
Event: 11.855 Thread 0x0000026b7efedc70 Thread added: 0x0000026b7eff1780
Event: 12.162 Thread 0x0000026b7eff0a60 Thread exited: 0x0000026b7eff0a60
Event: 12.162 Thread 0x0000026b7efee990 Thread exited: 0x0000026b7efee990
Event: 12.168 Thread 0x0000026b7eff1780 Thread exited: 0x0000026b7eff1780
Event: 12.169 Thread 0x0000026b7efed5e0 Thread exited: 0x0000026b7efed5e0
Event: 73.808 Thread 0x0000026b7efedc70 Thread added: 0x0000026b7eff0a60
Event: 73.819 Thread 0x0000026b7e0bf960 Thread exited: 0x0000026b7e0bf960


Dynamic libraries:
0x00007ff61a880000 - 0x00007ff61a88e000 	c:\Users\Windows\.vscode\extensions\redhat.java-1.47.0-win32-x64\jre\21.0.8-win32-x86_64\bin\java.exe
0x00007ffb91d40000 - 0x00007ffb91fa8000 	C:\WINDOWS\SYSTEM32\ntdll.dll
0x00007ffb90f60000 - 0x00007ffb91029000 	C:\WINDOWS\System32\KERNEL32.DLL
0x00007ffb8f1c0000 - 0x00007ffb8f5b2000 	C:\WINDOWS\System32\KERNELBASE.dll
0x00007ffb8f730000 - 0x00007ffb8f87b000 	C:\WINDOWS\System32\ucrtbase.dll
0x00007ffb7c580000 - 0x00007ffb7c598000 	c:\Users\Windows\.vscode\extensions\redhat.java-1.47.0-win32-x64\jre\21.0.8-win32-x86_64\bin\jli.dll
0x00007ffb91030000 - 0x00007ffb911f5000 	C:\WINDOWS\System32\USER32.dll
0x00007ffb8f190000 - 0x00007ffb8f1b7000 	C:\WINDOWS\System32\win32u.dll
0x00007ffb91c20000 - 0x00007ffb91c4b000 	C:\WINDOWS\System32\GDI32.dll
0x00007ffb8f9e0000 - 0x00007ffb8fb0d000 	C:\WINDOWS\System32\gdi32full.dll
0x00007ffb8f0e0000 - 0x00007ffb8f183000 	C:\WINDOWS\System32\msvcp_win.dll
0x00007ffb7c510000 - 0x00007ffb7c52e000 	c:\Users\Windows\.vscode\extensions\redhat.java-1.47.0-win32-x64\jre\21.0.8-win32-x86_64\bin\VCRUNTIME140.dll
0x00007ffb7c9f0000 - 0x00007ffb7cc83000 	C:\WINDOWS\WinSxS\amd64_microsoft.windows.common-controls_6595b64144ccf1df_6.0.26100.6899_none_3e0efeeae32e88c1\COMCTL32.dll
0x00007ffb90830000 - 0x00007ffb908d9000 	C:\WINDOWS\System32\msvcrt.dll
0x00007ffb90ce0000 - 0x00007ffb90d0f000 	C:\WINDOWS\System32\IMM32.DLL
0x0000000059280000 - 0x000000005928c000 	C:\Program Files (x86)\360\Total Security\safemon\SafeWrapper.dll
0x00007ffb91830000 - 0x00007ffb918e4000 	C:\WINDOWS\System32\ADVAPI32.dll
0x00007ffb91c50000 - 0x00007ffb91cf6000 	C:\WINDOWS\System32\sechost.dll
0x00007ffb919a0000 - 0x00007ffb91ab8000 	C:\WINDOWS\System32\RPCRT4.dll
0x00007ffb28150000 - 0x00007ffb281fc000 	C:\Program Files (x86)\360\Total Security\safemon\libzdtp64.dll
0x00007ffb90010000 - 0x00007ffb9075d000 	C:\WINDOWS\System32\SHELL32.dll
0x00007ffb8f5c0000 - 0x00007ffb8f72b000 	C:\WINDOWS\System32\wintypes.dll
0x00007ffb8fc90000 - 0x00007ffb9000b000 	C:\WINDOWS\System32\combase.dll
0x00007ffb90ef0000 - 0x00007ffb90f52000 	C:\WINDOWS\System32\SHLWAPI.dll
0x00007ffb8e7c0000 - 0x00007ffb8e7cb000 	C:\WINDOWS\SYSTEM32\VERSION.dll
0x00007ffb7fab0000 - 0x00007ffb7fabc000 	c:\Users\Windows\.vscode\extensions\redhat.java-1.47.0-win32-x64\jre\21.0.8-win32-x86_64\bin\vcruntime140_1.dll
0x00007ffb3e970000 - 0x00007ffb3e9fd000 	c:\Users\Windows\.vscode\extensions\redhat.java-1.47.0-win32-x64\jre\21.0.8-win32-x86_64\bin\msvcp140.dll
0x00007ffb1e830000 - 0x00007ffb1f5c7000 	c:\Users\Windows\.vscode\extensions\redhat.java-1.47.0-win32-x64\jre\21.0.8-win32-x86_64\bin\server\jvm.dll
0x00007ffb91690000 - 0x00007ffb91704000 	C:\WINDOWS\System32\WS2_32.dll
0x00007ffb8ed30000 - 0x00007ffb8ed8e000 	C:\WINDOWS\SYSTEM32\POWRPROF.dll
0x00007ffb787e0000 - 0x00007ffb78815000 	C:\WINDOWS\SYSTEM32\WINMM.dll
0x00007ffb8ed10000 - 0x00007ffb8ed24000 	C:\WINDOWS\SYSTEM32\UMPDC.dll
0x00007ffb8dc30000 - 0x00007ffb8dc4b000 	C:\WINDOWS\SYSTEM32\kernel.appcore.dll
0x00007ffb7ee50000 - 0x00007ffb7ee5a000 	c:\Users\Windows\.vscode\extensions\redhat.java-1.47.0-win32-x64\jre\21.0.8-win32-x86_64\bin\jimage.dll
0x00007ffb8c640000 - 0x00007ffb8c882000 	C:\WINDOWS\SYSTEM32\DBGHELP.DLL
0x00007ffb90ba0000 - 0x00007ffb90c77000 	C:\WINDOWS\System32\OLEAUT32.dll
0x00007ffb74bd0000 - 0x00007ffb74c0c000 	C:\WINDOWS\SYSTEM32\dbgcore.DLL
0x00007ffb8f940000 - 0x00007ffb8f9d8000 	C:\WINDOWS\System32\bcryptPrimitives.dll
0x00007ffb7c8a0000 - 0x00007ffb7c8af000 	c:\Users\Windows\.vscode\extensions\redhat.java-1.47.0-win32-x64\jre\21.0.8-win32-x86_64\bin\instrument.dll
0x00007ffb7bb20000 - 0x00007ffb7bb3f000 	c:\Users\Windows\.vscode\extensions\redhat.java-1.47.0-win32-x64\jre\21.0.8-win32-x86_64\bin\java.dll
0x00007ffb8caf0000 - 0x00007ffb8d34d000 	C:\WINDOWS\SYSTEM32\windows.storage.dll
0x00007ffb91710000 - 0x00007ffb91802000 	C:\WINDOWS\System32\SHCORE.dll
0x00007ffb8edf0000 - 0x00007ffb8ee19000 	C:\WINDOWS\SYSTEM32\profapi.dll
0x00007ffb7ade0000 - 0x00007ffb7adf8000 	c:\Users\Windows\.vscode\extensions\redhat.java-1.47.0-win32-x64\jre\21.0.8-win32-x86_64\bin\zip.dll
0x00007ffb8bb70000 - 0x00007ffb8bb80000 	C:\Users\Windows\.vscode\extensions\redhat.java-1.47.0-win32-x64\jre\21.0.8-win32-x86_64\bin\net.dll
0x00007ffb82440000 - 0x00007ffb8255f000 	C:\WINDOWS\SYSTEM32\WINHTTP.dll
0x00007ffb8e1a0000 - 0x00007ffb8e20b000 	C:\WINDOWS\system32\mswsock.dll
0x00007ffb7a0d0000 - 0x00007ffb7a0e6000 	C:\Users\Windows\.vscode\extensions\redhat.java-1.47.0-win32-x64\jre\21.0.8-win32-x86_64\bin\nio.dll
0x00007ffb7c890000 - 0x00007ffb7c8a0000 	c:\Users\Windows\.vscode\extensions\redhat.java-1.47.0-win32-x64\jre\21.0.8-win32-x86_64\bin\verify.dll
0x00007ffb71750000 - 0x00007ffb71794000 	C:\Users\Windows\AppData\Roaming\Code\User\globalStorage\redhat.java\1.47.0\config_ss_win\org.eclipse.equinox.launcher\org.eclipse.equinox.launcher.win32.win32.x86_64_1.2.1400.v20250801-0854\eclipse_11916.dll
0x00007ffb90d50000 - 0x00007ffb90ee8000 	C:\WINDOWS\System32\ole32.dll
0x00007ffb8bbf0000 - 0x00007ffb8bbfa000 	C:\Users\Windows\.vscode\extensions\redhat.java-1.47.0-win32-x64\jre\21.0.8-win32-x86_64\bin\management.dll
0x00007ffb8bbe0000 - 0x00007ffb8bbeb000 	C:\Users\Windows\.vscode\extensions\redhat.java-1.47.0-win32-x64\jre\21.0.8-win32-x86_64\bin\management_ext.dll
0x00007ffb90b90000 - 0x00007ffb90b98000 	C:\WINDOWS\System32\PSAPI.DLL
0x00007ffb8e450000 - 0x00007ffb8e46b000 	C:\WINDOWS\SYSTEM32\CRYPTSP.dll
0x00007ffb8db90000 - 0x00007ffb8dbcb000 	C:\WINDOWS\system32\rsaenh.dll
0x00007ffb8e240000 - 0x00007ffb8e26b000 	C:\WINDOWS\SYSTEM32\USERENV.dll
0x00007ffb8edc0000 - 0x00007ffb8ede6000 	C:\WINDOWS\SYSTEM32\bcrypt.dll
0x00007ffb8e470000 - 0x00007ffb8e47c000 	C:\WINDOWS\SYSTEM32\CRYPTBASE.dll
0x00007ffb8d6a0000 - 0x00007ffb8d6d4000 	C:\WINDOWS\SYSTEM32\IPHLPAPI.DLL
0x00007ffb90b80000 - 0x00007ffb90b8a000 	C:\WINDOWS\System32\NSI.dll
0x00007ffb68a50000 - 0x00007ffb68a99000 	C:\Users\Windows\AppData\Local\Temp\jna--1280820637\jna7802442168595844339.dll
0x00007ffb82330000 - 0x00007ffb8234e000 	C:\WINDOWS\SYSTEM32\dhcpcsvc6.DLL
0x00007ffb81690000 - 0x00007ffb816b3000 	C:\WINDOWS\SYSTEM32\dhcpcsvc.DLL

JVMTI agents:
c:\Users\Windows\.vscode\extensions\redhat.java-1.47.0-win32-x64\lombok\lombok-1.18.39-4050.jar path:c:\Users\Windows\.vscode\extensions\redhat.java-1.47.0-win32-x64\jre\21.0.8-win32-x86_64\bin\instrument.dll, loaded, initialized, instrumentlib options:none

dbghelp: loaded successfully - version: 4.0.5 - missing functions: none
symbol engine: initialized successfully - sym options: 0x614 - pdb path: .;c:\Users\Windows\.vscode\extensions\redhat.java-1.47.0-win32-x64\jre\21.0.8-win32-x86_64\bin;C:\WINDOWS\SYSTEM32;C:\WINDOWS\WinSxS\amd64_microsoft.windows.common-controls_6595b64144ccf1df_6.0.26100.6899_none_3e0efeeae32e88c1;C:\Program Files (x86)\360\Total Security\safemon;c:\Users\Windows\.vscode\extensions\redhat.java-1.47.0-win32-x64\jre\21.0.8-win32-x86_64\bin\server;C:\Users\Windows\AppData\Roaming\Code\User\globalStorage\redhat.java\1.47.0\config_ss_win\org.eclipse.equinox.launcher\org.eclipse.equinox.launcher.win32.win32.x86_64_1.2.1400.v20250801-0854;C:\Users\Windows\AppData\Local\Temp\jna--1280820637

VM Arguments:
jvm_args: --add-modules=ALL-SYSTEM --add-opens=java.base/java.util=ALL-UNNAMED --add-opens=java.base/java.lang=ALL-UNNAMED --add-opens=java.base/sun.nio.fs=ALL-UNNAMED -Declipse.application=org.eclipse.jdt.ls.core.id1 -Dosgi.bundles.defaultStartLevel=4 -Declipse.product=org.eclipse.jdt.ls.core.product -Djava.import.generatesMetadataFilesAtProjectRoot=false -DDetectVMInstallationsJob.disabled=true -Dfile.encoding=utf8 -XX:+UseParallelGC -XX:GCTimeRatio=4 -XX:AdaptiveSizePolicyWeight=90 -Dsun.zip.disableMemoryMapping=true -Xmx2G -Xms100m -Xlog:disable -javaagent:c:\Users\Windows\.vscode\extensions\redhat.java-1.47.0-win32-x64\lombok\lombok-1.18.39-4050.jar 
java_command: c:\Users\Windows\.vscode\extensions\redhat.java-1.47.0-win32-x64\server\plugins\org.eclipse.equinox.launcher_1.7.100.v20251014-1222.jar -configuration c:\Users\Windows\AppData\Roaming\Code\User\globalStorage\redhat.java\1.47.0\config_ss_win -data c:\Users\Windows\AppData\Roaming\Code\User\workspaceStorage\9626f7cfbd687ef5fa96ebf8f3cfc622\redhat.java\ss_ws --pipe=\\.\pipe\lsp-282bfc423261e1a7ec19524e115bc7c8-sock
java_class_path (initial): c:\Users\Windows\.vscode\extensions\redhat.java-1.47.0-win32-x64\server\plugins\org.eclipse.equinox.launcher_1.7.100.v20251014-1222.jar
Launcher Type: SUN_STANDARD

[Global flags]
    uintx AdaptiveSizePolicyWeight                 = 90                                        {product} {command line}
     intx CICompilerCount                          = 3                                         {product} {ergonomic}
    uintx GCTimeRatio                              = 4                                         {product} {command line}
   size_t InitialHeapSize                          = 104857600                                 {product} {command line}
   size_t MaxHeapSize                              = 2147483648                                {product} {command line}
   size_t MaxNewSize                               = 715653120                                 {product} {ergonomic}
   size_t MinHeapDeltaBytes                        = 524288                                    {product} {ergonomic}
   size_t MinHeapSize                              = 104857600                                 {product} {command line}
   size_t NewSize                                  = 34603008                                  {product} {ergonomic}
    uintx NonNMethodCodeHeapSize                   = 5832780                                {pd product} {ergonomic}
    uintx NonProfiledCodeHeapSize                  = 122912730                              {pd product} {ergonomic}
   size_t OldSize                                  = 70254592                                  {product} {ergonomic}
    uintx ProfiledCodeHeapSize                     = 122912730                              {pd product} {ergonomic}
    uintx ReservedCodeCacheSize                    = 251658240                              {pd product} {ergonomic}
     bool SegmentedCodeCache                       = true                                      {product} {ergonomic}
   size_t SoftMaxHeapSize                          = 2147483648                             {manageable} {ergonomic}
     bool UseCompressedOops                        = true                           {product lp64_product} {ergonomic}
     bool UseLargePagesIndividualAllocation        = false                                  {pd product} {ergonomic}
     bool UseParallelGC                            = true                                      {product} {command line}

Logging:
Log output configuration:
 #0: stdout all=off uptime,level,tags foldmultilines=false
 #1: stderr all=off uptime,level,tags foldmultilines=false

Environment Variables:
PATH=C:\Program Files\Common Files\Oracle\Java\javapath;C:\Program Files (x86)\Common Files\Oracle\Java\javapath;C:\WINDOWS\system32;C:\WINDOWS;C:\WINDOWS\System32\Wbem;C:\WINDOWS\System32\WindowsPowerShell\v1.0\;C:\WINDOWS\System32\OpenSSH\;C:\Program Files (x86)\Microsoft SQL Server\160\Tools\Binn\;C:\Program Files\Microsoft SQL Server\160\Tools\Binn\;C:\Program Files\Microsoft SQL Server\Client SDK\ODBC\170\Tools\Binn\;C:\Program Files\Microsoft SQL Server\160\DTS\Binn\;C:\Program Files (x86)\Microsoft SQL Server\160\DTS\Binn\;C:\Program Files\Git\cmd;C:\Program Files\MySQL\MySQL Shell 8.0\bin\;C:\Users\Windows\AppData\Local\Microsoft\WindowsApps;C:\Users\Windows\AppData\Local\Programs\Microsoft VS Code\bin;
USERNAME=Windows
OS=Windows_NT
PROCESSOR_IDENTIFIER=Intel64 Family 6 Model 126 Stepping 5, GenuineIntel
TMP=C:\Users\Windows\AppData\Local\Temp
TEMP=C:\Users\Windows\AppData\Local\Temp




Periodic native trim disabled

---------------  S Y S T E M  ---------------

OS:
 Windows 11 , 64 bit Build 26100 (10.0.26100.6725)
OS uptime: 13 days 5:40 hours

CPU: total 4 (initial active 4) (2 cores per cpu, 2 threads per core) family 6 model 126 stepping 5 microcode 0xa6, cx8, cmov, fxsr, ht, mmx, 3dnowpref, sse, sse2, sse3, ssse3, sse4.1, sse4.2, popcnt, lzcnt, tsc, tscinvbit, avx, avx2, aes, erms, clmul, bmi1, bmi2, adx, avx512f, avx512dq, avx512cd, avx512bw, avx512vl, sha, fma, vzeroupper, avx512_vpopcntdq, avx512_vpclmulqdq, avx512_vaes, avx512_vnni, clflush, clflushopt, avx512_vbmi2, avx512_vbmi, rdtscp, rdpid, fsrm, gfni, avx512_bitalg, f16c, pku, avx512_ifma
Processor Information for the first 4 processors :
  Max Mhz: 1190, Current Mhz: 1190, Mhz Limit: 1190

Memory: 4k page, system-wide physical 3838M (127M free)
TotalPageFile size 15614M (AvailPageFile size 81M)
current process WorkingSet (physical memory assigned to process): 34M, peak: 166M
current process commit charge ("private bytes"): 263M, peak: 284M

vm_info: OpenJDK 64-Bit Server VM (21.0.8+9-LTS) for windows-amd64 JRE (21.0.8+9-LTS), built on 2025-07-15T00:00:00Z by "admin" with MS VC++ 17.7 (VS2022)

END.
